<?xml version="1.0" encoding="UTF-8"?>
<!-- Generated by org.testng.reporters.JUnitReportReporter -->
<testsuite hostname="N10TOR-HDNRMN3" failures="0" tests="1" name="demoTest1.CreateAccount" time="9.738" errors="0" timestamp="2023-09-25T18:26:04 EDT" skipped="0">
  <testcase classname="demoTest1.CreateAccount" name="accessWebsite" time="9.738"/>
</testsuite> <!-- demoTest1.CreateAccount -->
