<?xml version="1.0" encoding="UTF-8"?>
<!-- Generated by org.testng.reporters.JUnitReportReporter -->
<testsuite hostname="N10TOR-HDNRMN3" failures="0" tests="1" name="demoTest1.CreateAccount" time="34.513" errors="0" timestamp="2023-09-25T21:37:50 EDT" skipped="0">
  <testcase classname="demoTest1.CreateAccount" name="accessWebsite" time="34.513"/>
</testsuite> <!-- demoTest1.CreateAccount -->
