<?xml version="1.0" encoding="UTF-8"?>
<!-- Generated by org.testng.reporters.JUnitReportReporter -->
<testsuite hostname="N10TOR-HDNRMN3" failures="0" tests="1" name="demoTest1.CreateAccount" time="3.568" errors="0" timestamp="2023-09-24T20:08:31 EDT" skipped="0">
  <testcase classname="demoTest1.CreateAccount" name="accessWebsite" time="3.568"/>
</testsuite> <!-- demoTest1.CreateAccount -->
